WARNING: A terminally deprecated method in sun.misc.Unsafe has been called
WARNING: sun.misc.Unsafe::staticFieldBase has been called by com.google.inject.internal.aop.HiddenClassDefiner (file:/opt/homebrew/Cellar/maven/3.9.10/libexec/lib/guice-5.1.0-classes.jar)
WARNING: Please consider reporting this to the maintainers of class com.google.inject.internal.aop.HiddenClassDefiner
WARNING: sun.misc.Unsafe::staticFieldBase will be removed in a future release
[INFO] Scanning for projects...
[INFO] 
[INFO] --------------------------< com.example:demo >--------------------------
[INFO] Building demo 0.0.1-SNAPSHOT
[INFO]   from pom.xml
[INFO] --------------------------------[ jar ]---------------------------------
[INFO] 
[INFO] >>> spring-boot:3.2.1:run (default-cli) > test-compile @ demo >>>
[INFO] 
[INFO] --- resources:3.3.1:resources (default-resources) @ demo ---
[INFO] Copying 2 resources from src/main/resources to target/classes
[INFO] Copying 0 resource from src/main/resources to target/classes
[INFO] 
[INFO] --- compiler:3.11.0:compile (default-compile) @ demo ---
[INFO] Nothing to compile - all classes are up to date
[INFO] 
[INFO] --- resources:3.3.1:testResources (default-testResources) @ demo ---
[INFO] skip non existing resourceDirectory /Users/liqiyang/Desktop/project/matrix_ads/matrix_ads_backend/src/test/resources
[INFO] 
[INFO] --- compiler:3.11.0:testCompile (default-testCompile) @ demo ---
[INFO] Nothing to compile - all classes are up to date
[INFO] 
[INFO] <<< spring-boot:3.2.1:run (default-cli) < test-compile @ demo <<<
[INFO] 
[INFO] 
[INFO] --- spring-boot:3.2.1:run (default-cli) @ demo ---
[INFO] Attaching agents: []
Standard Commons Logging discovery in action with spring-jcl: please remove commons-logging.jar from classpath in order to avoid potential conflicts
Standard Commons Logging discovery in action with spring-jcl: please remove commons-logging.jar from classpath in order to avoid potential conflicts

  .   ____          _            __ _ _
 /\\ / ___'_ __ _ _(_)_ __  __ _ \ \ \ \
( ( )\___ | '_ | '_| | '_ \/ _` | \ \ \ \
 \\/  ___)| |_)| | | | | || (_| |  ) ) ) )
  '  |____| .__|_| |_|_| |_\__, | / / / /
 =========|_|==============|___/=/_/_/_/
[32m :: Spring Boot :: [39m              [2m (v3.2.1)[0;39m

[2m2025-08-05T16:46:13.852-07:00[0;39m [32m INFO[0;39m [35m82884[0;39m [2m---[0;39m [2m[demo] [  restartedMain][0;39m [2m[0;39m[36mcom.example.demo.DemoApplication        [0;39m [2m:[0;39m Starting DemoApplication using Java 24.0.1 with PID 82884 (/Users/liqiyang/Desktop/project/matrix_ads/matrix_ads_backend/target/classes started by liqiyang in /Users/liqiyang/Desktop/project/matrix_ads/matrix_ads_backend)
[2m2025-08-05T16:46:13.853-07:00[0;39m [32m INFO[0;39m [35m82884[0;39m [2m---[0;39m [2m[demo] [  restartedMain][0;39m [2m[0;39m[36mcom.example.demo.DemoApplication        [0;39m [2m:[0;39m No active profile set, falling back to 1 default profile: "default"
[2m2025-08-05T16:46:13.873-07:00[0;39m [32m INFO[0;39m [35m82884[0;39m [2m---[0;39m [2m[demo] [  restartedMain][0;39m [2m[0;39m[36m.e.DevToolsPropertyDefaultsPostProcessor[0;39m [2m:[0;39m Devtools property defaults active! Set 'spring.devtools.add-properties' to 'false' to disable
[2m2025-08-05T16:46:13.873-07:00[0;39m [32m INFO[0;39m [35m82884[0;39m [2m---[0;39m [2m[demo] [  restartedMain][0;39m [2m[0;39m[36m.e.DevToolsPropertyDefaultsPostProcessor[0;39m [2m:[0;39m For additional web related logging consider setting the 'logging.level.web' property to 'DEBUG'
WARNING: A restricted method in java.lang.System has been called
WARNING: java.lang.System::load has been called by org.apache.tomcat.jni.Library in an unnamed module (file:/Users/liqiyang/.m2/repository/org/apache/tomcat/embed/tomcat-embed-core/10.1.17/tomcat-embed-core-10.1.17.jar)
WARNING: Use --enable-native-access=ALL-UNNAMED to avoid a warning for callers in this module
WARNING: Restricted methods will be blocked in a future release unless native access is enabled

[2m2025-08-05T16:46:14.207-07:00[0;39m [32m INFO[0;39m [35m82884[0;39m [2m---[0;39m [2m[demo] [  restartedMain][0;39m [2m[0;39m[36mo.s.b.w.embedded.tomcat.TomcatWebServer [0;39m [2m:[0;39m Tomcat initialized with port 8080 (http)
[2m2025-08-05T16:46:14.213-07:00[0;39m [32m INFO[0;39m [35m82884[0;39m [2m---[0;39m [2m[demo] [  restartedMain][0;39m [2m[0;39m[36mo.apache.catalina.core.StandardService  [0;39m [2m:[0;39m Starting service [Tomcat]
[2m2025-08-05T16:46:14.213-07:00[0;39m [32m INFO[0;39m [35m82884[0;39m [2m---[0;39m [2m[demo] [  restartedMain][0;39m [2m[0;39m[36mo.apache.catalina.core.StandardEngine   [0;39m [2m:[0;39m Starting Servlet engine: [Apache Tomcat/10.1.17]
[2m2025-08-05T16:46:14.226-07:00[0;39m [32m INFO[0;39m [35m82884[0;39m [2m---[0;39m [2m[demo] [  restartedMain][0;39m [2m[0;39m[36mo.a.c.c.C.[Tomcat].[localhost].[/]      [0;39m [2m:[0;39m Initializing Spring embedded WebApplicationContext
[2m2025-08-05T16:46:14.226-07:00[0;39m [32m INFO[0;39m [35m82884[0;39m [2m---[0;39m [2m[demo] [  restartedMain][0;39m [2m[0;39m[36mw.s.c.ServletWebServerApplicationContext[0;39m [2m:[0;39m Root WebApplicationContext: initialization completed in 353 ms
Standard Commons Logging discovery in action with spring-jcl: please remove commons-logging.jar from classpath in order to avoid potential conflicts
Initializing Firebase...
Firebase enabled: true
Storage bucket: matrix_ads_video
WARNING: A terminally deprecated method in sun.misc.Unsafe has been called
WARNING: sun.misc.Unsafe::objectFieldOffset has been called by io.grpc.netty.shaded.io.netty.util.internal.PlatformDependent0$4 (file:/Users/liqiyang/.m2/repository/io/grpc/grpc-netty-shaded/1.62.2/grpc-netty-shaded-1.62.2.jar)
WARNING: Please consider reporting this to the maintainers of class io.grpc.netty.shaded.io.netty.util.internal.PlatformDependent0$4
WARNING: sun.misc.Unsafe::objectFieldOffset will be removed in a future release
[2m2025-08-05T16:46:15.228-07:00[0;39m [32m INFO[0;39m [35m82884[0;39m [2m---[0;39m [2m[demo] [  restartedMain][0;39m [2m[0;39m[36mo.s.b.d.a.OptionalLiveReloadServer      [0;39m [2m:[0;39m LiveReload server is running on port 35729
[2m2025-08-05T16:46:15.236-07:00[0;39m [32m INFO[0;39m [35m82884[0;39m [2m---[0;39m [2m[demo] [  restartedMain][0;39m [2m[0;39m[36mo.s.b.w.embedded.tomcat.TomcatWebServer [0;39m [2m:[0;39m Tomcat started on port 8080 (http) with context path ''
[2m2025-08-05T16:46:15.240-07:00[0;39m [32m INFO[0;39m [35m82884[0;39m [2m---[0;39m [2m[demo] [  restartedMain][0;39m [2m[0;39m[36mcom.example.demo.DemoApplication        [0;39m [2m:[0;39m Started DemoApplication in 1.498 seconds (process running for 1.639)
Running scheduled task: Process pending submissions
Error processing pending submissions: com.google.api.gax.rpc.FailedPreconditionException: io.grpc.StatusRuntimeException: FAILED_PRECONDITION: The query requires an index. You can create it here: https://console.firebase.google.com/v1/r/project/matrix-ads-f5356/firestore/indexes?create_composite=Cllwcm9qZWN0cy9tYXRyaXgtYWRzLWY1MzU2L2RhdGFiYXNlcy8oZGVmYXVsdCkvY29sbGVjdGlvbkdyb3Vwcy9zY2VuZVN1Ym1pc3Npb25zL2luZGV4ZXMvXxABGgoKBnN0YXR1cxABGg8KC3N1Ym1pdHRlZEF0EAEaDAoIX19uYW1lX18QAQ
Pending submissions processed: {success=false, error=com.google.api.gax.rpc.FailedPreconditionException: io.grpc.StatusRuntimeException: FAILED_PRECONDITION: The query requires an index. You can create it here: https://console.firebase.google.com/v1/r/project/matrix-ads-f5356/firestore/indexes?create_composite=Cllwcm9qZWN0cy9tYXRyaXgtYWRzLWY1MzU2L2RhdGFiYXNlcy8oZGVmYXVsdCkvY29sbGVjdGlvbkdyb3Vwcy9zY2VuZVN1Ym1pc3Npb25zL2luZGV4ZXMvXxABGgoKBnN0YXR1cxABGg8KC3N1Ym1pdHRlZEF0EAEaDAoIX19uYW1lX18QAQ}
[2m2025-08-05T16:46:40.018-07:00[0;39m [32m INFO[0;39m [35m82884[0;39m [2m---[0;39m [2m[demo] [nio-8080-exec-1][0;39m [2m[0;39m[36mo.a.c.c.C.[Tomcat].[localhost].[/]      [0;39m [2m:[0;39m Initializing Spring DispatcherServlet 'dispatcherServlet'
[2m2025-08-05T16:46:40.018-07:00[0;39m [32m INFO[0;39m [35m82884[0;39m [2m---[0;39m [2m[demo] [nio-8080-exec-1][0;39m [2m[0;39m[36mo.s.web.servlet.DispatcherServlet       [0;39m [2m:[0;39m Initializing Servlet 'dispatcherServlet'
[2m2025-08-05T16:46:40.019-07:00[0;39m [32m INFO[0;39m [35m82884[0;39m [2m---[0;39m [2m[demo] [nio-8080-exec-1][0;39m [2m[0;39m[36mo.s.web.servlet.DispatcherServlet       [0;39m [2m:[0;39m Completed initialization in 1 ms
[INFO] ------------------------------------------------------------------------
[INFO] BUILD FAILURE
[INFO] ------------------------------------------------------------------------
[INFO] Total time:  32.269 s
[INFO] Finished at: 2025-08-05T16:46:45-07:00
[INFO] ------------------------------------------------------------------------
[ERROR] Failed to execute goal org.springframework.boot:spring-boot-maven-plugin:3.2.1:run (default-cli) on project demo: Process terminated with exit code: 143 -> [Help 1]
[ERROR] 
[ERROR] To see the full stack trace of the errors, re-run Maven with the -e switch.
[ERROR] Re-run Maven using the -X switch to enable full debug logging.
[ERROR] 
[ERROR] For more information about the errors and possible solutions, please read the following articles:
[ERROR] [Help 1] http://cwiki.apache.org/confluence/display/MAVEN/MojoExecutionException
